<?xml version="1.0" encoding="UTF-8"?>
<!-- Generated by org.testng.reporters.JUnitXMLReporter -->
<testsuite ignored="0" hostname="LAPTOP-9T6F2UID" failures="0" tests="6" name="Test" time="0.054" errors="0" timestamp="2022-10-07T12:57:50 IST">
  <testcase classname="com.testng.structure.Grouping" name="cricket" time="0.01"/>
  <testcase classname="com.testng.structure.Grouping" name="dosa" time="0.001"/>
  <testcase classname="com.testng.structure.Grouping" name="football" time="0.001"/>
  <testcase classname="com.testng.structure.Grouping" name="idiyappam" time="0.002"/>
  <testcase classname="com.testng.structure.Grouping" name="idly" time="0.001"/>
  <testcase classname="com.testng.structure.Grouping" name="koko" time="0.0"/>
</testsuite> <!-- Test -->
