<?xml version="1.0" encoding="UTF-8"?>
<testng-results ignored="0" total="1" passed="1" failed="0" skipped="0">
  <reporter-output>
  </reporter-output>
  <suite started-at="2022-10-07T13:09:29 IST" name="Default suite" finished-at="2022-10-07T13:09:35 IST" duration-ms="6090">
    <groups>
    </groups>
    <test started-at="2022-10-07T13:09:29 IST" name="Default test" finished-at="2022-10-07T13:09:35 IST" duration-ms="6090">
      <class name="com.testng.structure.Timeout">
        <test-method signature="facebook()[pri:0, instance:com.testng.structure.Timeout@61230f6a]" started-at="2022-10-07T13:09:29 IST" name="facebook" finished-at="2022-10-07T13:09:35 IST" duration-ms="6054" status="PASS">
          <reporter-output>
          </reporter-output>
        </test-method> <!-- facebook -->
      </class> <!-- com.testng.structure.Timeout -->
    </test> <!-- Default test -->
  </suite> <!-- Default suite -->
</testng-results>
